<?xml version="1.0" encoding="UTF-8" ?>
<testsuite failures="0" time="0.001" errors="0" skipped="0" tests="1" name="org.openpos.utils.DateTimeUtilsTest">
  <properties>
    <property name="java.runtime.name" value="Java(TM) SE Runtime Environment"/>
    <property name="sun.boot.library.path" value="/Library/Java/JavaVirtualMachines/jdk1.7.0_40.jdk/Contents/Home/jre/lib"/>
    <property name="java.vm.version" value="24.0-b56"/>
    <property name="user.country.format" value="ES"/>
    <property name="gopherProxySet" value="false"/>
    <property name="java.vm.vendor" value="Oracle Corporation"/>
    <property name="java.vendor.url" value="http://java.oracle.com/"/>
    <property name="path.separator" value=":"/>
    <property name="java.vm.name" value="Java HotSpot(TM) 64-Bit Server VM"/>
    <property name="file.encoding.pkg" value="sun.io"/>
    <property name="user.country" value="US"/>
    <property name="sun.java.launcher" value="SUN_STANDARD"/>
    <property name="sun.os.patch.level" value="unknown"/>
    <property name="java.vm.specification.name" value="Java Virtual Machine Specification"/>
    <property name="user.dir" value="/Users/gal/NetBeansProjects/mewaiter-pos/openpos-commands"/>
    <property name="java.runtime.version" value="1.7.0_40-b43"/>
    <property name="java.awt.graphicsenv" value="sun.awt.CGraphicsEnvironment"/>
    <property name="basedir" value="/Users/gal/NetBeansProjects/mewaiter-pos/openpos-commands"/>
    <property name="java.endorsed.dirs" value="/Library/Java/JavaVirtualMachines/jdk1.7.0_40.jdk/Contents/Home/jre/lib/endorsed"/>
    <property name="os.arch" value="x86_64"/>
    <property name="surefire.real.class.path" value="/Users/gal/NetBeansProjects/mewaiter-pos/openpos-commands/target/surefire/surefirebooter2857665836809520200.jar"/>
    <property name="java.io.tmpdir" value="/var/folders/b0/pm9_hf117p7__d4n1_pb59qc0000gp/T/"/>
    <property name="line.separator" value="
"/>
    <property name="java.vm.specification.vendor" value="Oracle Corporation"/>
    <property name="os.name" value="Mac OS X"/>
    <property name="sun.jnu.encoding" value="UTF-8"/>
    <property name="java.library.path" value="/Users/gal/Library/Java/Extensions:/Library/Java/Extensions:/Network/Library/Java/Extensions:/System/Library/Java/Extensions:/usr/lib/java:."/>
    <property name="surefire.test.class.path" value="/Users/gal/NetBeansProjects/mewaiter-pos/openpos-commands/target/test-classes:/Users/gal/NetBeansProjects/mewaiter-pos/openpos-commands/target/classes:/Users/gal/NetBeansProjects/mewaiter-pos/openpos-api/target/openpos-api-2.4-SNAPSHOT.jar:/Users/gal/.m2/repository/org/springframework/spring-context/3.1.2.RELEASE/spring-context-3.1.2.RELEASE.jar:/Users/gal/.m2/repository/org/springframework/spring-aop/3.1.2.RELEASE/spring-aop-3.1.2.RELEASE.jar:/Users/gal/.m2/repository/org/springframework/spring-expression/3.1.2.RELEASE/spring-expression-3.1.2.RELEASE.jar:/Users/gal/.m2/repository/org/springframework/spring-asm/3.1.2.RELEASE/spring-asm-3.1.2.RELEASE.jar:/Users/gal/.m2/repository/cglib/cglib/2.2/cglib-2.2.jar:/Users/gal/.m2/repository/asm/asm/3.1/asm-3.1.jar:/Users/gal/NetBeansProjects/mewaiter-pos/openpos-pos/target/openpos-pos-2.4-SNAPSHOT.jar:/Users/gal/NetBeansProjects/mewaiter-pos/openpos-beans/target/openpos-beans-2.4-SNAPSHOT.jar:/Users/gal/NetBeansProjects/mewaiter-pos/openpos-data/target/openpos-data-2.4-SNAPSHOT.jar:/Users/gal/NetBeansProjects/mewaiter-pos/openpos-print/target/openpos-print-2.4-SNAPSHOT.jar:/Users/gal/.m2/repository/net/sf/jasperreports/jasperreports/4.0.1/jasperreports-4.0.1.jar:/Users/gal/.m2/repository/commons-beanutils/commons-beanutils/1.8.0/commons-beanutils-1.8.0.jar:/Users/gal/.m2/repository/commons-digester/commons-digester/1.7/commons-digester-1.7.jar:/Users/gal/.m2/repository/commons-logging/commons-logging/1.0.2/commons-logging-1.0.2.jar:/Users/gal/.m2/repository/com/lowagie/itext/2.1.7/itext-2.1.7.jar:/Users/gal/.m2/repository/bouncycastle/bcmail-jdk14/138/bcmail-jdk14-138.jar:/Users/gal/.m2/repository/bouncycastle/bcprov-jdk14/138/bcprov-jdk14-138.jar:/Users/gal/.m2/repository/org/bouncycastle/bctsp-jdk14/1.38/bctsp-jdk14-1.38.jar:/Users/gal/.m2/repository/org/bouncycastle/bcprov-jdk14/1.38/bcprov-jdk14-1.38.jar:/Users/gal/.m2/repository/org/bouncycastle/bcmail-jdk14/1.38/bcmail-jdk14-1.38.jar:/Users/gal/.m2/repository/jfree/jcommon/1.0.15/jcommon-1.0.15.jar:/Users/gal/.m2/repository/jfree/jfreechart/1.0.12/jfreechart-1.0.12.jar:/Users/gal/.m2/repository/xml-apis/xml-apis/1.3.02/xml-apis-1.3.02.jar:/Users/gal/.m2/repository/eclipse/jdtcore/3.1.0/jdtcore-3.1.0.jar:/Users/gal/.m2/repository/org/apache/velocity/velocity/1.7/velocity-1.7.jar:/Users/gal/.m2/repository/commons-lang/commons-lang/2.4/commons-lang-2.4.jar:/Users/gal/.m2/repository/com/kenai/nbpwr/org-jdesktop-swingx/1.6-201002261215/org-jdesktop-swingx-1.6-201002261215.jar:/Users/gal/.m2/repository/com/kenai/nbpwr/com-jhlabs-filters/2.0.235-201002241238/com-jhlabs-filters-2.0.235-201002241238.jar:/Users/gal/.m2/repository/org/swinglabs/swingx/1.6/swingx-1.6.jar:/Users/gal/.m2/repository/com/jhlabs/filters/2.0.235/filters-2.0.235.jar:/Users/gal/.m2/repository/org/swinglabs/swing-worker/1.1/swing-worker-1.1.jar:/Users/gal/.m2/repository/commons-codec/commons-codec/1.5/commons-codec-1.5.jar:/Users/gal/.m2/repository/net/sf/barcode4j/barcode4j/2.0/barcode4j-2.0.jar:/Users/gal/.m2/repository/avalon-framework/avalon-framework-impl/4.2.0/avalon-framework-impl-4.2.0.jar:/Users/gal/.m2/repository/axis/axis/1.4/axis-1.4.jar:/Users/gal/.m2/repository/org/apache/axis/axis-jaxrpc/1.4/axis-jaxrpc-1.4.jar:/Users/gal/.m2/repository/org/apache/axis/axis-saaj/1.4/axis-saaj-1.4.jar:/Users/gal/.m2/repository/axis/axis-wsdl4j/1.5.1/axis-wsdl4j-1.5.1.jar:/Users/gal/.m2/repository/commons-discovery/commons-discovery/0.2/commons-discovery-0.2.jar:/Users/gal/.m2/repository/org/java/net/substance/substance/5.3/substance-5.3.jar:/Users/gal/.m2/repository/jpos/jpos/1121/jpos-1121.jar:/Users/gal/.m2/repository/org/beanshell/bsh/1.3.0/bsh-1.3.0.jar:/Users/gal/.m2/repository/commons-collections/commons-collections/3.2.1/commons-collections-3.2.1.jar:/Users/gal/.m2/repository/org/rxtx/rxtx/2.1.7/rxtx-2.1.7.jar:/Users/gal/.m2/repository/org/springframework/spring-jdbc/3.1.2.RELEASE/spring-jdbc-3.1.2.RELEASE.jar:/Users/gal/.m2/repository/org/springframework/spring-beans/3.1.2.RELEASE/spring-beans-3.1.2.RELEASE.jar:/Users/gal/.m2/repository/org/springframework/spring-core/3.1.2.RELEASE/spring-core-3.1.2.RELEASE.jar:/Users/gal/.m2/repository/org/springframework/spring-tx/3.1.2.RELEASE/spring-tx-3.1.2.RELEASE.jar:/Users/gal/.m2/repository/aopalliance/aopalliance/1.0/aopalliance-1.0.jar:/Users/gal/.m2/repository/org/springframework/spring-context-support/3.1.2.RELEASE/spring-context-support-3.1.2.RELEASE.jar:/Users/gal/.m2/repository/org/slf4j/slf4j-api/1.6.1/slf4j-api-1.6.1.jar:/Users/gal/.m2/repository/org/slf4j/slf4j-jdk14/1.6.1/slf4j-jdk14-1.6.1.jar:/Users/gal/.m2/repository/junit/junit/4.8.1/junit-4.8.1.jar:/Users/gal/.m2/repository/javax/mail/mail/1.4.5/mail-1.4.5.jar:/Users/gal/.m2/repository/javax/activation/activation/1.1/activation-1.1.jar:/Users/gal/.m2/repository/org/apache/derby/derby/10.10.1.1/derby-10.10.1.1.jar:"/>
    <property name="java.specification.name" value="Java Platform API Specification"/>
    <property name="java.class.version" value="51.0"/>
    <property name="sun.management.compiler" value="HotSpot 64-Bit Tiered Compilers"/>
    <property name="os.version" value="10.7.5"/>
    <property name="http.nonProxyHosts" value="local|*.local|169.254/16|*.169.254/16"/>
    <property name="user.home" value="/Users/gal"/>
    <property name="user.timezone" value=""/>
    <property name="java.awt.printerjob" value="sun.lwawt.macosx.CPrinterJob"/>
    <property name="java.specification.version" value="1.7"/>
    <property name="file.encoding" value="UTF-8"/>
    <property name="user.name" value="gal"/>
    <property name="java.class.path" value="/Users/gal/NetBeansProjects/mewaiter-pos/openpos-commands/target/test-classes:/Users/gal/NetBeansProjects/mewaiter-pos/openpos-commands/target/classes:/Users/gal/NetBeansProjects/mewaiter-pos/openpos-api/target/openpos-api-2.4-SNAPSHOT.jar:/Users/gal/.m2/repository/org/springframework/spring-context/3.1.2.RELEASE/spring-context-3.1.2.RELEASE.jar:/Users/gal/.m2/repository/org/springframework/spring-aop/3.1.2.RELEASE/spring-aop-3.1.2.RELEASE.jar:/Users/gal/.m2/repository/org/springframework/spring-expression/3.1.2.RELEASE/spring-expression-3.1.2.RELEASE.jar:/Users/gal/.m2/repository/org/springframework/spring-asm/3.1.2.RELEASE/spring-asm-3.1.2.RELEASE.jar:/Users/gal/.m2/repository/cglib/cglib/2.2/cglib-2.2.jar:/Users/gal/.m2/repository/asm/asm/3.1/asm-3.1.jar:/Users/gal/NetBeansProjects/mewaiter-pos/openpos-pos/target/openpos-pos-2.4-SNAPSHOT.jar:/Users/gal/NetBeansProjects/mewaiter-pos/openpos-beans/target/openpos-beans-2.4-SNAPSHOT.jar:/Users/gal/NetBeansProjects/mewaiter-pos/openpos-data/target/openpos-data-2.4-SNAPSHOT.jar:/Users/gal/NetBeansProjects/mewaiter-pos/openpos-print/target/openpos-print-2.4-SNAPSHOT.jar:/Users/gal/.m2/repository/net/sf/jasperreports/jasperreports/4.0.1/jasperreports-4.0.1.jar:/Users/gal/.m2/repository/commons-beanutils/commons-beanutils/1.8.0/commons-beanutils-1.8.0.jar:/Users/gal/.m2/repository/commons-digester/commons-digester/1.7/commons-digester-1.7.jar:/Users/gal/.m2/repository/commons-logging/commons-logging/1.0.2/commons-logging-1.0.2.jar:/Users/gal/.m2/repository/com/lowagie/itext/2.1.7/itext-2.1.7.jar:/Users/gal/.m2/repository/bouncycastle/bcmail-jdk14/138/bcmail-jdk14-138.jar:/Users/gal/.m2/repository/bouncycastle/bcprov-jdk14/138/bcprov-jdk14-138.jar:/Users/gal/.m2/repository/org/bouncycastle/bctsp-jdk14/1.38/bctsp-jdk14-1.38.jar:/Users/gal/.m2/repository/org/bouncycastle/bcprov-jdk14/1.38/bcprov-jdk14-1.38.jar:/Users/gal/.m2/repository/org/bouncycastle/bcmail-jdk14/1.38/bcmail-jdk14-1.38.jar:/Users/gal/.m2/repository/jfree/jcommon/1.0.15/jcommon-1.0.15.jar:/Users/gal/.m2/repository/jfree/jfreechart/1.0.12/jfreechart-1.0.12.jar:/Users/gal/.m2/repository/xml-apis/xml-apis/1.3.02/xml-apis-1.3.02.jar:/Users/gal/.m2/repository/eclipse/jdtcore/3.1.0/jdtcore-3.1.0.jar:/Users/gal/.m2/repository/org/apache/velocity/velocity/1.7/velocity-1.7.jar:/Users/gal/.m2/repository/commons-lang/commons-lang/2.4/commons-lang-2.4.jar:/Users/gal/.m2/repository/com/kenai/nbpwr/org-jdesktop-swingx/1.6-201002261215/org-jdesktop-swingx-1.6-201002261215.jar:/Users/gal/.m2/repository/com/kenai/nbpwr/com-jhlabs-filters/2.0.235-201002241238/com-jhlabs-filters-2.0.235-201002241238.jar:/Users/gal/.m2/repository/org/swinglabs/swingx/1.6/swingx-1.6.jar:/Users/gal/.m2/repository/com/jhlabs/filters/2.0.235/filters-2.0.235.jar:/Users/gal/.m2/repository/org/swinglabs/swing-worker/1.1/swing-worker-1.1.jar:/Users/gal/.m2/repository/commons-codec/commons-codec/1.5/commons-codec-1.5.jar:/Users/gal/.m2/repository/net/sf/barcode4j/barcode4j/2.0/barcode4j-2.0.jar:/Users/gal/.m2/repository/avalon-framework/avalon-framework-impl/4.2.0/avalon-framework-impl-4.2.0.jar:/Users/gal/.m2/repository/axis/axis/1.4/axis-1.4.jar:/Users/gal/.m2/repository/org/apache/axis/axis-jaxrpc/1.4/axis-jaxrpc-1.4.jar:/Users/gal/.m2/repository/org/apache/axis/axis-saaj/1.4/axis-saaj-1.4.jar:/Users/gal/.m2/repository/axis/axis-wsdl4j/1.5.1/axis-wsdl4j-1.5.1.jar:/Users/gal/.m2/repository/commons-discovery/commons-discovery/0.2/commons-discovery-0.2.jar:/Users/gal/.m2/repository/org/java/net/substance/substance/5.3/substance-5.3.jar:/Users/gal/.m2/repository/jpos/jpos/1121/jpos-1121.jar:/Users/gal/.m2/repository/org/beanshell/bsh/1.3.0/bsh-1.3.0.jar:/Users/gal/.m2/repository/commons-collections/commons-collections/3.2.1/commons-collections-3.2.1.jar:/Users/gal/.m2/repository/org/rxtx/rxtx/2.1.7/rxtx-2.1.7.jar:/Users/gal/.m2/repository/org/springframework/spring-jdbc/3.1.2.RELEASE/spring-jdbc-3.1.2.RELEASE.jar:/Users/gal/.m2/repository/org/springframework/spring-beans/3.1.2.RELEASE/spring-beans-3.1.2.RELEASE.jar:/Users/gal/.m2/repository/org/springframework/spring-core/3.1.2.RELEASE/spring-core-3.1.2.RELEASE.jar:/Users/gal/.m2/repository/org/springframework/spring-tx/3.1.2.RELEASE/spring-tx-3.1.2.RELEASE.jar:/Users/gal/.m2/repository/aopalliance/aopalliance/1.0/aopalliance-1.0.jar:/Users/gal/.m2/repository/org/springframework/spring-context-support/3.1.2.RELEASE/spring-context-support-3.1.2.RELEASE.jar:/Users/gal/.m2/repository/org/slf4j/slf4j-api/1.6.1/slf4j-api-1.6.1.jar:/Users/gal/.m2/repository/org/slf4j/slf4j-jdk14/1.6.1/slf4j-jdk14-1.6.1.jar:/Users/gal/.m2/repository/junit/junit/4.8.1/junit-4.8.1.jar:/Users/gal/.m2/repository/javax/mail/mail/1.4.5/mail-1.4.5.jar:/Users/gal/.m2/repository/javax/activation/activation/1.1/activation-1.1.jar:/Users/gal/.m2/repository/org/apache/derby/derby/10.10.1.1/derby-10.10.1.1.jar:"/>
    <property name="java.vm.specification.version" value="1.7"/>
    <property name="sun.arch.data.model" value="64"/>
    <property name="java.home" value="/Library/Java/JavaVirtualMachines/jdk1.7.0_40.jdk/Contents/Home/jre"/>
    <property name="sun.java.command" value="/Users/gal/NetBeansProjects/mewaiter-pos/openpos-commands/target/surefire/surefirebooter2857665836809520200.jar /Users/gal/NetBeansProjects/mewaiter-pos/openpos-commands/target/surefire/surefire8781041515862494339tmp /Users/gal/NetBeansProjects/mewaiter-pos/openpos-commands/target/surefire/surefire5221513001501465228tmp"/>
    <property name="java.specification.vendor" value="Oracle Corporation"/>
    <property name="user.language" value="en"/>
    <property name="awt.toolkit" value="sun.lwawt.macosx.LWCToolkit"/>
    <property name="java.vm.info" value="mixed mode"/>
    <property name="java.version" value="1.7.0_40"/>
    <property name="java.ext.dirs" value="/Users/gal/Library/Java/Extensions:/Library/Java/JavaVirtualMachines/jdk1.7.0_40.jdk/Contents/Home/jre/lib/ext:/Library/Java/Extensions:/Network/Library/Java/Extensions:/System/Library/Java/Extensions:/usr/lib/java"/>
    <property name="sun.boot.class.path" value="/Library/Java/JavaVirtualMachines/jdk1.7.0_40.jdk/Contents/Home/jre/lib/resources.jar:/Library/Java/JavaVirtualMachines/jdk1.7.0_40.jdk/Contents/Home/jre/lib/rt.jar:/Library/Java/JavaVirtualMachines/jdk1.7.0_40.jdk/Contents/Home/jre/lib/sunrsasign.jar:/Library/Java/JavaVirtualMachines/jdk1.7.0_40.jdk/Contents/Home/jre/lib/jsse.jar:/Library/Java/JavaVirtualMachines/jdk1.7.0_40.jdk/Contents/Home/jre/lib/jce.jar:/Library/Java/JavaVirtualMachines/jdk1.7.0_40.jdk/Contents/Home/jre/lib/charsets.jar:/Library/Java/JavaVirtualMachines/jdk1.7.0_40.jdk/Contents/Home/jre/lib/jfr.jar:/Library/Java/JavaVirtualMachines/jdk1.7.0_40.jdk/Contents/Home/jre/lib/JObjC.jar:/Library/Java/JavaVirtualMachines/jdk1.7.0_40.jdk/Contents/Home/jre/classes"/>
    <property name="java.vendor" value="Oracle Corporation"/>
    <property name="localRepository" value="/Users/gal/.m2/repository"/>
    <property name="file.separator" value="/"/>
    <property name="java.vendor.url.bug" value="http://bugreport.sun.com/bugreport/"/>
    <property name="sun.cpu.endian" value="little"/>
    <property name="sun.io.unicode.encoding" value="UnicodeBig"/>
    <property name="socksNonProxyHosts" value="local|*.local|169.254/16|*.169.254/16"/>
    <property name="ftp.nonProxyHosts" value="local|*.local|169.254/16|*.169.254/16"/>
    <property name="sun.cpu.isalist" value=""/>
  </properties>
  <testcase time="0.001" classname="org.openpos.utils.DateTimeUtilsTest" name="testCalcWorkingTime"/>
</testsuite>